#
# A fatal error has been detected by the Java Runtime Environment:
#
#  EXCEPTION_ACCESS_VIOLATION (0xc0000005) at pc=0x00007fff6ad761ee, pid=2596, tid=10728
#
# JRE version: Java(TM) SE Runtime Environment (17.0.1+12) (build 17.0.1+12-LTS-39)
# Java VM: Java HotSpot(TM) 64-Bit Server VM (17.0.1+12-LTS-39, mixed mode, sharing, tiered, compressed oops, compressed class ptrs, g1 gc, windows-amd64)
# Problematic frame:
# C  [awt.dll+0xd61ee]
#
# No core dump will be written. Minidumps are not enabled by default on client versions of Windows
#
# If you would like to submit a bug report, please visit:
#   https://bugreport.java.com/bugreport/crash.jsp
# The crash happened outside the Java Virtual Machine in native code.
# See problematic frame for where to report the bug.
#

---------------  S U M M A R Y ------------

Command Line: -javaagent:C:\Program Files\IntelliJ IDEA Community Edition 2021.2.3\lib\idea_rt.jar=51290:C:\Program Files\IntelliJ IDEA Community Edition 2021.2.3\bin -Dfile.encoding=UTF-8 Client

Host: Intel(R) Core(TM) i7-1065G7 CPU @ 1.30GHz, 8 cores, 15G,  Windows 10 , 64 bit Build 19041 (10.0.19041.1348)
Time: Thu Dec  2 13:08:35 2021 Central Standard Time elapsed time: 14.080596 seconds (0d 0h 0m 14s)

---------------  T H R E A D  ---------------

Current thread (0x0000027945f60b40):  JavaThread "AWT-Windows" daemon [_thread_in_native, id=10728, stack(0x000000c439800000,0x000000c439900000)]

Stack: [0x000000c439800000,0x000000c439900000],  sp=0x000000c4398fef50,  free space=1019k
Native frames: (J=compiled Java code, j=interpreted, Vv=VM code, C=native code)
C  [awt.dll+0xd61ee]

Java frames: (J=compiled Java code, j=interpreted, Vv=VM code)
j  sun.awt.windows.WToolkit.eventLoop()V+0 java.desktop@17.0.1
j  sun.awt.windows.WToolkit.run()V+50 java.desktop@17.0.1
j  java.lang.Thread.run()V+11 java.base@17.0.1
v  ~StubRoutines::call_stub

siginfo: EXCEPTION_ACCESS_VIOLATION (0xc0000005), reading address 0x0000000000000000


Register to memory mapping:

RIP=0x00007fff6ad761ee awt.dll
RAX=0x0 is NULL
RBX=0x0000027945f97ce8 is a global jni handle
RCX=0x0 is NULL
RDX=0x0000027945f97ce8 is a global jni handle
RSP=0x000000c4398fef50 is pointing into the stack for thread: 0x0000027945f60b40
RBP=0x00007fff6adda7e0 awt.dll
RSI=0x0 is NULL
RDI=0x0000027945f60de8 points into unknown readable memory: 0x00007fff622b3630 | 30 36 2b 62 ff 7f 00 00
R8 =0x0000000000000042 is an unknown value
R9 =0x0000000715b3c948 is an oop: sun.awt.windows.WFramePeer 
{0x0000000715b3c948} - klass: 'sun/awt/windows/WFramePeer'
 - ---- fields (total size 19 words):
 - private volatile 'destroyed' 'Z' @12  true
 - private volatile 'disposed' 'Z' @13  false
 - volatile 'pData' 'J' @16  0 (0 0)
 - volatile 'target' 'Ljava/lang/Object;' @24  a 'javax/swing/JFrame'{0x0000000715d315d8} (e2ba62bb)
 - volatile 'createError' 'Ljava/lang/Error;' @28  NULL (0)
 - private final 'stateLock' 'Ljava/lang/Object;' @32  a 'java/lang/Object'{0x0000000715b3c9e0} (e2b6793c)
 - private volatile 'childPeers' 'Ljava/util/Map;' @36  NULL (0)
 - 'isLayouting' 'Z' @14  false
 - 'paintPending' 'Z' @15  false
 - protected volatile 'hwnd' 'J' @40  0 (0 0)
 - 'nativeDropTargetContext' 'J' @48  2719873222896 (4513c8f0 279)
 - 'oldWidth' 'I' @56  600 (258)
 - 'oldHeight' 'I' @60  600 (258)
 - private 'numBackBuffers' 'I' @64  0
 - 'nDropTargets' 'I' @68  1
 - public 'serialNum' 'I' @72  1
 - private 'updateX1' 'I' @76  0
 - private 'updateY1' 'I' @80  0
 - private 'updateX2' 'I' @84  0
 - private 'updateY2' 'I' @88  0
 - private volatile 'isAccelCapable' 'Z' @92  true
 - 'surfaceData' 'Lsun/java2d/SurfaceData;' @96  a 'sun/java2d/windows/GDIWindowSurfaceData'{0x0000000715b58f48} (e2b6b1e9)
 - private 'paintArea' 'Lsun/awt/RepaintArea;' @100  a 'sun/awt/RepaintArea'{0x0000000715b3caa8} (e2b67955)
 - protected 'winGraphicsConfig' 'Lsun/awt/Win32GraphicsConfig;' @104  a 'sun/awt/Win32GraphicsConfig'{0x0000000715d71be0} (e2bae37c)
 - private 'backBuffer' 'Ljava/awt/image/VolatileImage;' @108  NULL (0)
 - private 'backBufferCaps' 'Ljava/awt/BufferCapabilities;' @112  NULL (0)
 - private 'foreground' 'Ljava/awt/Color;' @116  a 'java/awt/SystemColor'{0x0000000715bcda10} (e2b79b42)
 - private 'background' 'Ljava/awt/Color;' @120  a 'javax/swing/plaf/ColorUIResource'{0x0000000715db28f8} (e2bb651f)
 - private 'font' 'Ljava/awt/Font;' @124  a 'java/awt/Font'{0x0000000715d2f238} (e2ba5e47)
 - private 'eraseBackground' 'Z' @93  false
 - 'insets_' 'Ljava/awt/Insets;' @128  a 'java/awt/Insets'{0x0000000715bcd678} (e2b79acf)
 - private 'isOpaque' 'Z' @94  true
 - private 'opacity' 'F' @132  1.000000 (3f800000)
 - private 'modalBlocker' 'Lsun/awt/windows/WWindowPeer;' @136  NULL (0)
 - private 'painter' 'Lsun/awt/windows/TranslucentWindowPainter;' @140  NULL (0)
 - private 'windowListener' 'Ljava/awt/event/WindowListener;' @144  NULL (0)
 - private volatile 'windowType' 'Ljava/awt/Window$Type;' @148  a 'java/awt/Window$Type'{0x0000000715d30488} (e2ba6091)
R10=0x00007fff62332970 jvm.dll
R11=0x000000000000000a is an unknown value
R12=0x0000000000420414 is an unknown value
R13=0x0000000000009824 is an unknown value
R14=0x0000000002500008 is an unknown value
R15=0x0000000000009824 is an unknown value


Registers:
RAX=0x0000000000000000, RBX=0x0000027945f97ce8, RCX=0x0000000000000000, RDX=0x0000027945f97ce8
RSP=0x000000c4398fef50, RBP=0x00007fff6adda7e0, RSI=0x0000000000000000, RDI=0x0000027945f60de8
R8 =0x0000000000000042, R9 =0x0000000715b3c948, R10=0x00007fff62332970, R11=0x000000000000000a
R12=0x0000000000420414, R13=0x0000000000009824, R14=0x0000000002500008, R15=0x0000000000009824
RIP=0x00007fff6ad761ee, EFLAGS=0x0000000000010246

Top of Stack: (sp=0x000000c4398fef50)
0x000000c4398fef50:   0000027945f97ce8 0000000000000000
0x000000c4398fef60:   00007fff6ad73a40 00007fffa911c10a
0x000000c4398fef70:   0000be0075fe3129 000000c4398ff188
0x000000c4398fef80:   000000c4398ff1a8 00007fff6ad765b3
0x000000c4398fef90:   0000027945f60b40 00007fff61c02e4f
0x000000c4398fefa0:   0000027945f60de8 0000000000000000
0x000000c4398fefb0:   0000000000000001 0000027945f60de8
0x000000c4398fefc0:   0000000000000000 00007fff6ad73b31
0x000000c4398fefd0:   000000c4398ff1a8 00007fff6ad73a40
0x000000c4398fefe0:   0000000000000001 0000000000000000
0x000000c4398feff0:   0000f6b0801cc8be 00007fffb26f1206
0x000000c4398ff000:   0000000000000000 0000000000000000
0x000000c4398ff010:   0000000000009824 0000000000000000
0x000000c4398ff020:   0000000080000022 0000000000000000
0x000000c4398ff030:   0000000000000001 00007fffb26de7e8
0x000000c4398ff040:   0000000000000000 0000b111533282c2 

Instructions: (pc=0x00007fff6ad761ee)
0x00007fff6ad760ee:   e8 ad d8 ff ff 33 d2 8d 4a 20 ff 15 12 da 06 00
0x00007fff6ad760fe:   8b d0 33 f6 89 74 24 20 4c 8d 4c 24 50 4c 8d 05
0x00007fff6ad7610e:   2e 10 07 00 8d 4e 20 ff 15 95 dc 06 00 33 d2 49
0x00007fff6ad7611e:   8b ce ff 15 02 d7 06 00 48 8b d8 48 85 c0 0f 85
0x00007fff6ad7612e:   84 00 00 00 4c 8d 05 f7 8d 03 00 8d 56 09 48 8d
0x00007fff6ad7613e:   8c 24 88 00 00 00 ff 15 d6 93 01 00 44 8d 46 10
0x00007fff6ad7614e:   48 8d 54 24 70 49 8b ce ff 15 04 92 01 00 48 8d
0x00007fff6ad7615e:   44 24 70 49 c7 c0 ff ff ff ff 0f 1f 84 00 00 00
0x00007fff6ad7616e:   00 00 49 ff c0 66 42 39 34 40 75 f6 4b 8d 04 00
0x00007fff6ad7617e:   48 8d 8c 24 98 00 00 00 48 2b c8 48 8d 54 24 70
0x00007fff6ad7618e:   e8 11 61 01 00 33 d2 48 8d 8c 24 88 00 00 00 ff
0x00007fff6ad7619e:   15 7d d6 06 00 48 85 c0 74 0e 33 d2 48 8b c8 ff
0x00007fff6ad761ae:   15 75 d6 06 00 48 8b d8 48 85 db 40 0f 95 c6 4c
0x00007fff6ad761be:   8b 07 33 d2 48 8b cf 41 ff 90 a0 00 00 00 90 48
0x00007fff6ad761ce:   8b c6 e9 9d 01 00 00 48 8b 07 4c 8b 05 61 09 07
0x00007fff6ad761de:   00 48 8b d3 48 8b cf ff 90 28 03 00 00 48 8b c8
0x00007fff6ad761ee:   4c 8b 08 49 8b c6 48 c1 e8 10 44 0f bf c0 41 0f
0x00007fff6ad761fe:   bf d6 41 ff 91 60 02 00 00 48 8b 07 48 8b d3 48
0x00007fff6ad7620e:   8b cf ff 90 b0 00 00 00 33 f6 48 89 35 61 0e 07
0x00007fff6ad7621e:   00 48 8b 0d 52 0e 07 00 ff 15 54 8f 01 00 90 48
0x00007fff6ad7622e:   8b 07 33 d2 48 8b cf ff 90 a0 00 00 00 90 33 c0
0x00007fff6ad7623e:   e9 2f 01 00 00 ba ff ff ff ff 49 8b ce ff 15 3f
0x00007fff6ad7624e:   8e 01 00 8b d8 4c 8b 07 33 d2 48 8b cf 41 ff 90
0x00007fff6ad7625e:   a0 00 00 00 90 8b c3 e9 08 01 00 00 49 8b ce ff
0x00007fff6ad7626e:   d3 48 8b d8 4c 8b 07 33 d2 48 8b cf 41 ff 90 a0
0x00007fff6ad7627e:   00 00 00 90 48 8b c3 e9 e8 00 00 00 ff d3 48 8b
0x00007fff6ad7628e:   d8 4c 8b 07 33 d2 48 8b cf 41 ff 90 a0 00 00 00
0x00007fff6ad7629e:   90 48 8b c3 e9 cb 00 00 00 41 8b d6 48 8b cb e8
0x00007fff6ad762ae:   61 3d 01 00 33 f6 48 89 35 c5 0d 07 00 48 8b 0d
0x00007fff6ad762be:   b6 0d 07 00 ff 15 b8 8e 01 00 90 48 8b 07 33 d2
0x00007fff6ad762ce:   48 8b cf ff 90 a0 00 00 00 90 33 c0 e9 93 00 00
0x00007fff6ad762de:   00 48 8b cb e8 1a 3d 01 00 8b c0 48 89 05 90 0d 


Stack slot to memory mapping:
stack at sp + 0 slots: 0x0000027945f97ce8 is a global jni handle
stack at sp + 1 slots: 0x0 is NULL
stack at sp + 2 slots: 0x00007fff6ad73a40 awt.dll
stack at sp + 3 slots: 0x00007fffa911c10a java.dll
stack at sp + 4 slots: 0x0000be0075fe3129 is an unknown value
stack at sp + 5 slots: 0x000000c4398ff188 is pointing into the stack for thread: 0x0000027945f60b40
stack at sp + 6 slots: 0x000000c4398ff1a8 is pointing into the stack for thread: 0x0000027945f60b40
stack at sp + 7 slots: 0x00007fff6ad765b3 awt.dll


---------------  P R O C E S S  ---------------

Threads class SMR info:
_java_thread_list=0x0000027945df3150, length=20, elements={
0x000002794513a9d0, 0x000002794513d590, 0x000002794514c990, 0x000002794514d450,
0x0000027945152e30, 0x00000279451537e0, 0x000002794515fa80, 0x0000027945161440,
0x0000027945162550, 0x0000027945125ad0, 0x0000027945d6a410, 0x0000027945d6dc90,
0x0000027945f55f00, 0x0000027945f59310, 0x0000027945f60b40, 0x0000027945e30bc0,
0x000002792275d7a0, 0x00000279475483e0, 0x00000279475f0df0, 0x0000027945f8ddf0
}

Java Threads: ( => current thread )
  0x000002794513a9d0 JavaThread "Reference Handler" daemon [_thread_blocked, id=15020, stack(0x000000c438900000,0x000000c438a00000)]
  0x000002794513d590 JavaThread "Finalizer" daemon [_thread_blocked, id=10552, stack(0x000000c438a00000,0x000000c438b00000)]
  0x000002794514c990 JavaThread "Signal Dispatcher" daemon [_thread_blocked, id=2164, stack(0x000000c438b00000,0x000000c438c00000)]
  0x000002794514d450 JavaThread "Attach Listener" daemon [_thread_blocked, id=28216, stack(0x000000c438c00000,0x000000c438d00000)]
  0x0000027945152e30 JavaThread "Service Thread" daemon [_thread_blocked, id=19112, stack(0x000000c438d00000,0x000000c438e00000)]
  0x00000279451537e0 JavaThread "Monitor Deflation Thread" daemon [_thread_blocked, id=20596, stack(0x000000c438e00000,0x000000c438f00000)]
  0x000002794515fa80 JavaThread "C2 CompilerThread0" daemon [_thread_blocked, id=13148, stack(0x000000c438f00000,0x000000c439000000)]
  0x0000027945161440 JavaThread "C1 CompilerThread0" daemon [_thread_blocked, id=8552, stack(0x000000c439000000,0x000000c439100000)]
  0x0000027945162550 JavaThread "Sweeper thread" daemon [_thread_blocked, id=8044, stack(0x000000c439100000,0x000000c439200000)]
  0x0000027945125ad0 JavaThread "Common-Cleaner" daemon [_thread_blocked, id=26932, stack(0x000000c439200000,0x000000c439300000)]
  0x0000027945d6a410 JavaThread "Monitor Ctrl-Break" daemon [_thread_in_native, id=15040, stack(0x000000c439300000,0x000000c439400000)]
  0x0000027945d6dc90 JavaThread "Notification Thread" daemon [_thread_blocked, id=7832, stack(0x000000c439400000,0x000000c439500000)]
  0x0000027945f55f00 JavaThread "Java2D Disposer" daemon [_thread_blocked, id=28476, stack(0x000000c439600000,0x000000c439700000)]
  0x0000027945f59310 JavaThread "AWT-Shutdown" [_thread_blocked, id=25536, stack(0x000000c439700000,0x000000c439800000)]
=>0x0000027945f60b40 JavaThread "AWT-Windows" daemon [_thread_in_native, id=10728, stack(0x000000c439800000,0x000000c439900000)]
  0x0000027945e30bc0 JavaThread "AWT-EventQueue-0" [_thread_in_native, id=24212, stack(0x000000c439900000,0x000000c439a00000)]
  0x000002792275d7a0 JavaThread "DestroyJavaVM" [_thread_blocked, id=22176, stack(0x000000c438200000,0x000000c438300000)]
  0x00000279475483e0 JavaThread "TimerQueue" daemon [_thread_blocked, id=13648, stack(0x000000c439d00000,0x000000c439e00000)]
  0x00000279475f0df0 JavaThread "Chat listener" [_thread_blocked, id=18876, stack(0x000000c439e00000,0x000000c439f00000)]
  0x0000027945f8ddf0 JavaThread "ToolkitShutdown" daemon [_thread_in_native, id=17832, stack(0x000000c439f00000,0x000000c43a000000)]

Other Threads:
  0x0000027945136f40 VMThread "VM Thread" [stack: 0x000000c438800000,0x000000c438900000] [id=20036]
  0x0000027922809530 WatcherThread [stack: 0x000000c439500000,0x000000c439600000] [id=23476]
  0x00000279227aaf90 GCTaskThread "GC Thread#0" [stack: 0x000000c438300000,0x000000c438400000] [id=12440]
  0x00000279227bb860 ConcurrentGCThread "G1 Main Marker" [stack: 0x000000c438400000,0x000000c438500000] [id=23400]
  0x00000279227bc270 ConcurrentGCThread "G1 Conc#0" [stack: 0x000000c438500000,0x000000c438600000] [id=17468]
  0x0000027944ff44f0 ConcurrentGCThread "G1 Refine#0" [stack: 0x000000c438600000,0x000000c438700000] [id=25888]
  0x000002792283aef0 ConcurrentGCThread "G1 Service" [stack: 0x000000c438700000,0x000000c438800000] [id=5292]

Threads with active compile tasks:

VM state: not at safepoint (normal execution)

VM Mutex/Monitor currently owned by a thread: None

Heap address: 0x0000000706600000, size: 3994 MB, Compressed Oops mode: Zero based, Oop shift amount: 3

CDS archive(s) mapped at: [0x0000000800000000-0x0000000800bc0000-0x0000000800bc0000), size 12320768, SharedBaseAddress: 0x0000000800000000, ArchiveRelocationMode: 0.
Compressed class space mapped at: 0x0000000800c00000-0x0000000840c00000, reserved size: 1073741824
Narrow klass base: 0x0000000800000000, Narrow klass shift: 0, Narrow klass range: 0x100000000

GC Precious Log:
 CPUs: 8 total, 8 available
 Memory: 15970M
 Large Page Support: Disabled
 NUMA Support: Disabled
 Compressed Oops: Enabled (Zero based)
 Heap Region Size: 2M
 Heap Min Capacity: 8M
 Heap Initial Capacity: 250M
 Heap Max Capacity: 3994M
 Pre-touch: Disabled
 Parallel Workers: 8
 Concurrent Workers: 2
 Concurrent Refinement Workers: 8
 Periodic GC: Disabled

Heap:
 garbage-first heap   total 256000K, used 20480K [0x0000000706600000, 0x0000000800000000)
  region size 2048K, 5 young (10240K), 0 survivors (0K)
 Metaspace       used 8915K, committed 9152K, reserved 1056768K
  class space    used 1021K, committed 1152K, reserved 1048576K

Heap Regions: E=young(eden), S=young(survivor), O=old, HS=humongous(starts), HC=humongous(continues), CS=collection set, F=free, OA=open archive, CA=closed archive, TAMS=top-at-mark-start (previous, next)
|   0|0x0000000706600000, 0x0000000706800000, 0x0000000706800000|100%|HS|  |TAMS 0x0000000706600000, 0x0000000706600000| Complete 
|   1|0x0000000706800000, 0x0000000706a00000, 0x0000000706a00000|100%|HC|  |TAMS 0x0000000706800000, 0x0000000706800000| Complete 
|   2|0x0000000706a00000, 0x0000000706c00000, 0x0000000706c00000|100%|HC|  |TAMS 0x0000000706a00000, 0x0000000706a00000| Complete 
|   3|0x0000000706c00000, 0x0000000706e00000, 0x0000000706e00000|100%|HS|  |TAMS 0x0000000706c00000, 0x0000000706c00000| Complete 
|   4|0x0000000706e00000, 0x0000000707000000, 0x0000000707000000|100%|HC|  |TAMS 0x0000000706e00000, 0x0000000706e00000| Complete 
|   5|0x0000000707000000, 0x0000000707200000, 0x0000000707200000|100%|HC|  |TAMS 0x0000000707000000, 0x0000000707000000| Complete 
|   6|0x0000000707200000, 0x0000000707200000, 0x0000000707400000|  0%| F|  |TAMS 0x0000000707200000, 0x0000000707200000| Untracked 
|   7|0x0000000707400000, 0x0000000707400000, 0x0000000707600000|  0%| F|  |TAMS 0x0000000707400000, 0x0000000707400000| Untracked 
|   8|0x0000000707600000, 0x0000000707600000, 0x0000000707800000|  0%| F|  |TAMS 0x0000000707600000, 0x0000000707600000| Untracked 
|   9|0x0000000707800000, 0x0000000707800000, 0x0000000707a00000|  0%| F|  |TAMS 0x0000000707800000, 0x0000000707800000| Untracked 
|  10|0x0000000707a00000, 0x0000000707a00000, 0x0000000707c00000|  0%| F|  |TAMS 0x0000000707a00000, 0x0000000707a00000| Untracked 
|  11|0x0000000707c00000, 0x0000000707c00000, 0x0000000707e00000|  0%| F|  |TAMS 0x0000000707c00000, 0x0000000707c00000| Untracked 
|  12|0x0000000707e00000, 0x0000000707e00000, 0x0000000708000000|  0%| F|  |TAMS 0x0000000707e00000, 0x0000000707e00000| Untracked 
|  13|0x0000000708000000, 0x0000000708000000, 0x0000000708200000|  0%| F|  |TAMS 0x0000000708000000, 0x0000000708000000| Untracked 
|  14|0x0000000708200000, 0x0000000708200000, 0x0000000708400000|  0%| F|  |TAMS 0x0000000708200000, 0x0000000708200000| Untracked 
|  15|0x0000000708400000, 0x0000000708400000, 0x0000000708600000|  0%| F|  |TAMS 0x0000000708400000, 0x0000000708400000| Untracked 
|  16|0x0000000708600000, 0x0000000708600000, 0x0000000708800000|  0%| F|  |TAMS 0x0000000708600000, 0x0000000708600000| Untracked 
|  17|0x0000000708800000, 0x0000000708800000, 0x0000000708a00000|  0%| F|  |TAMS 0x0000000708800000, 0x0000000708800000| Untracked 
|  18|0x0000000708a00000, 0x0000000708a00000, 0x0000000708c00000|  0%| F|  |TAMS 0x0000000708a00000, 0x0000000708a00000| Untracked 
|  19|0x0000000708c00000, 0x0000000708c00000, 0x0000000708e00000|  0%| F|  |TAMS 0x0000000708c00000, 0x0000000708c00000| Untracked 
|  20|0x0000000708e00000, 0x0000000708e00000, 0x0000000709000000|  0%| F|  |TAMS 0x0000000708e00000, 0x0000000708e00000| Untracked 
|  21|0x0000000709000000, 0x0000000709000000, 0x0000000709200000|  0%| F|  |TAMS 0x0000000709000000, 0x0000000709000000| Untracked 
|  22|0x0000000709200000, 0x0000000709200000, 0x0000000709400000|  0%| F|  |TAMS 0x0000000709200000, 0x0000000709200000| Untracked 
|  23|0x0000000709400000, 0x0000000709400000, 0x0000000709600000|  0%| F|  |TAMS 0x0000000709400000, 0x0000000709400000| Untracked 
|  24|0x0000000709600000, 0x0000000709600000, 0x0000000709800000|  0%| F|  |TAMS 0x0000000709600000, 0x0000000709600000| Untracked 
|  25|0x0000000709800000, 0x0000000709800000, 0x0000000709a00000|  0%| F|  |TAMS 0x0000000709800000, 0x0000000709800000| Untracked 
|  26|0x0000000709a00000, 0x0000000709a00000, 0x0000000709c00000|  0%| F|  |TAMS 0x0000000709a00000, 0x0000000709a00000| Untracked 
|  27|0x0000000709c00000, 0x0000000709c00000, 0x0000000709e00000|  0%| F|  |TAMS 0x0000000709c00000, 0x0000000709c00000| Untracked 
|  28|0x0000000709e00000, 0x0000000709e00000, 0x000000070a000000|  0%| F|  |TAMS 0x0000000709e00000, 0x0000000709e00000| Untracked 
|  29|0x000000070a000000, 0x000000070a000000, 0x000000070a200000|  0%| F|  |TAMS 0x000000070a000000, 0x000000070a000000| Untracked 
|  30|0x000000070a200000, 0x000000070a200000, 0x000000070a400000|  0%| F|  |TAMS 0x000000070a200000, 0x000000070a200000| Untracked 
|  31|0x000000070a400000, 0x000000070a400000, 0x000000070a600000|  0%| F|  |TAMS 0x000000070a400000, 0x000000070a400000| Untracked 
|  32|0x000000070a600000, 0x000000070a600000, 0x000000070a800000|  0%| F|  |TAMS 0x000000070a600000, 0x000000070a600000| Untracked 
|  33|0x000000070a800000, 0x000000070a800000, 0x000000070aa00000|  0%| F|  |TAMS 0x000000070a800000, 0x000000070a800000| Untracked 
|  34|0x000000070aa00000, 0x000000070aa00000, 0x000000070ac00000|  0%| F|  |TAMS 0x000000070aa00000, 0x000000070aa00000| Untracked 
|  35|0x000000070ac00000, 0x000000070ac00000, 0x000000070ae00000|  0%| F|  |TAMS 0x000000070ac00000, 0x000000070ac00000| Untracked 
|  36|0x000000070ae00000, 0x000000070ae00000, 0x000000070b000000|  0%| F|  |TAMS 0x000000070ae00000, 0x000000070ae00000| Untracked 
|  37|0x000000070b000000, 0x000000070b000000, 0x000000070b200000|  0%| F|  |TAMS 0x000000070b000000, 0x000000070b000000| Untracked 
|  38|0x000000070b200000, 0x000000070b200000, 0x000000070b400000|  0%| F|  |TAMS 0x000000070b200000, 0x000000070b200000| Untracked 
|  39|0x000000070b400000, 0x000000070b400000, 0x000000070b600000|  0%| F|  |TAMS 0x000000070b400000, 0x000000070b400000| Untracked 
|  40|0x000000070b600000, 0x000000070b600000, 0x000000070b800000|  0%| F|  |TAMS 0x000000070b600000, 0x000000070b600000| Untracked 
|  41|0x000000070b800000, 0x000000070b800000, 0x000000070ba00000|  0%| F|  |TAMS 0x000000070b800000, 0x000000070b800000| Untracked 
|  42|0x000000070ba00000, 0x000000070ba00000, 0x000000070bc00000|  0%| F|  |TAMS 0x000000070ba00000, 0x000000070ba00000| Untracked 
|  43|0x000000070bc00000, 0x000000070bc00000, 0x000000070be00000|  0%| F|  |TAMS 0x000000070bc00000, 0x000000070bc00000| Untracked 
|  44|0x000000070be00000, 0x000000070be00000, 0x000000070c000000|  0%| F|  |TAMS 0x000000070be00000, 0x000000070be00000| Untracked 
|  45|0x000000070c000000, 0x000000070c000000, 0x000000070c200000|  0%| F|  |TAMS 0x000000070c000000, 0x000000070c000000| Untracked 
|  46|0x000000070c200000, 0x000000070c200000, 0x000000070c400000|  0%| F|  |TAMS 0x000000070c200000, 0x000000070c200000| Untracked 
|  47|0x000000070c400000, 0x000000070c400000, 0x000000070c600000|  0%| F|  |TAMS 0x000000070c400000, 0x000000070c400000| Untracked 
|  48|0x000000070c600000, 0x000000070c600000, 0x000000070c800000|  0%| F|  |TAMS 0x000000070c600000, 0x000000070c600000| Untracked 
|  49|0x000000070c800000, 0x000000070c800000, 0x000000070ca00000|  0%| F|  |TAMS 0x000000070c800000, 0x000000070c800000| Untracked 
|  50|0x000000070ca00000, 0x000000070ca00000, 0x000000070cc00000|  0%| F|  |TAMS 0x000000070ca00000, 0x000000070ca00000| Untracked 
|  51|0x000000070cc00000, 0x000000070cc00000, 0x000000070ce00000|  0%| F|  |TAMS 0x000000070cc00000, 0x000000070cc00000| Untracked 
|  52|0x000000070ce00000, 0x000000070ce00000, 0x000000070d000000|  0%| F|  |TAMS 0x000000070ce00000, 0x000000070ce00000| Untracked 
|  53|0x000000070d000000, 0x000000070d000000, 0x000000070d200000|  0%| F|  |TAMS 0x000000070d000000, 0x000000070d000000| Untracked 
|  54|0x000000070d200000, 0x000000070d200000, 0x000000070d400000|  0%| F|  |TAMS 0x000000070d200000, 0x000000070d200000| Untracked 
|  55|0x000000070d400000, 0x000000070d400000, 0x000000070d600000|  0%| F|  |TAMS 0x000000070d400000, 0x000000070d400000| Untracked 
|  56|0x000000070d600000, 0x000000070d600000, 0x000000070d800000|  0%| F|  |TAMS 0x000000070d600000, 0x000000070d600000| Untracked 
|  57|0x000000070d800000, 0x000000070d800000, 0x000000070da00000|  0%| F|  |TAMS 0x000000070d800000, 0x000000070d800000| Untracked 
|  58|0x000000070da00000, 0x000000070da00000, 0x000000070dc00000|  0%| F|  |TAMS 0x000000070da00000, 0x000000070da00000| Untracked 
|  59|0x000000070dc00000, 0x000000070dc00000, 0x000000070de00000|  0%| F|  |TAMS 0x000000070dc00000, 0x000000070dc00000| Untracked 
|  60|0x000000070de00000, 0x000000070de00000, 0x000000070e000000|  0%| F|  |TAMS 0x000000070de00000, 0x000000070de00000| Untracked 
|  61|0x000000070e000000, 0x000000070e000000, 0x000000070e200000|  0%| F|  |TAMS 0x000000070e000000, 0x000000070e000000| Untracked 
|  62|0x000000070e200000, 0x000000070e200000, 0x000000070e400000|  0%| F|  |TAMS 0x000000070e200000, 0x000000070e200000| Untracked 
|  63|0x000000070e400000, 0x000000070e400000, 0x000000070e600000|  0%| F|  |TAMS 0x000000070e400000, 0x000000070e400000| Untracked 
|  64|0x000000070e600000, 0x000000070e600000, 0x000000070e800000|  0%| F|  |TAMS 0x000000070e600000, 0x000000070e600000| Untracked 
|  65|0x000000070e800000, 0x000000070e800000, 0x000000070ea00000|  0%| F|  |TAMS 0x000000070e800000, 0x000000070e800000| Untracked 
|  66|0x000000070ea00000, 0x000000070ea00000, 0x000000070ec00000|  0%| F|  |TAMS 0x000000070ea00000, 0x000000070ea00000| Untracked 
|  67|0x000000070ec00000, 0x000000070ec00000, 0x000000070ee00000|  0%| F|  |TAMS 0x000000070ec00000, 0x000000070ec00000| Untracked 
|  68|0x000000070ee00000, 0x000000070ee00000, 0x000000070f000000|  0%| F|  |TAMS 0x000000070ee00000, 0x000000070ee00000| Untracked 
|  69|0x000000070f000000, 0x000000070f000000, 0x000000070f200000|  0%| F|  |TAMS 0x000000070f000000, 0x000000070f000000| Untracked 
|  70|0x000000070f200000, 0x000000070f200000, 0x000000070f400000|  0%| F|  |TAMS 0x000000070f200000, 0x000000070f200000| Untracked 
|  71|0x000000070f400000, 0x000000070f400000, 0x000000070f600000|  0%| F|  |TAMS 0x000000070f400000, 0x000000070f400000| Untracked 
|  72|0x000000070f600000, 0x000000070f600000, 0x000000070f800000|  0%| F|  |TAMS 0x000000070f600000, 0x000000070f600000| Untracked 
|  73|0x000000070f800000, 0x000000070f800000, 0x000000070fa00000|  0%| F|  |TAMS 0x000000070f800000, 0x000000070f800000| Untracked 
|  74|0x000000070fa00000, 0x000000070fa00000, 0x000000070fc00000|  0%| F|  |TAMS 0x000000070fa00000, 0x000000070fa00000| Untracked 
|  75|0x000000070fc00000, 0x000000070fc00000, 0x000000070fe00000|  0%| F|  |TAMS 0x000000070fc00000, 0x000000070fc00000| Untracked 
|  76|0x000000070fe00000, 0x000000070fe00000, 0x0000000710000000|  0%| F|  |TAMS 0x000000070fe00000, 0x000000070fe00000| Untracked 
|  77|0x0000000710000000, 0x0000000710000000, 0x0000000710200000|  0%| F|  |TAMS 0x0000000710000000, 0x0000000710000000| Untracked 
|  78|0x0000000710200000, 0x0000000710200000, 0x0000000710400000|  0%| F|  |TAMS 0x0000000710200000, 0x0000000710200000| Untracked 
|  79|0x0000000710400000, 0x0000000710400000, 0x0000000710600000|  0%| F|  |TAMS 0x0000000710400000, 0x0000000710400000| Untracked 
|  80|0x0000000710600000, 0x0000000710600000, 0x0000000710800000|  0%| F|  |TAMS 0x0000000710600000, 0x0000000710600000| Untracked 
|  81|0x0000000710800000, 0x0000000710800000, 0x0000000710a00000|  0%| F|  |TAMS 0x0000000710800000, 0x0000000710800000| Untracked 
|  82|0x0000000710a00000, 0x0000000710a00000, 0x0000000710c00000|  0%| F|  |TAMS 0x0000000710a00000, 0x0000000710a00000| Untracked 
|  83|0x0000000710c00000, 0x0000000710c00000, 0x0000000710e00000|  0%| F|  |TAMS 0x0000000710c00000, 0x0000000710c00000| Untracked 
|  84|0x0000000710e00000, 0x0000000710e00000, 0x0000000711000000|  0%| F|  |TAMS 0x0000000710e00000, 0x0000000710e00000| Untracked 
|  85|0x0000000711000000, 0x0000000711000000, 0x0000000711200000|  0%| F|  |TAMS 0x0000000711000000, 0x0000000711000000| Untracked 
|  86|0x0000000711200000, 0x0000000711200000, 0x0000000711400000|  0%| F|  |TAMS 0x0000000711200000, 0x0000000711200000| Untracked 
|  87|0x0000000711400000, 0x0000000711400000, 0x0000000711600000|  0%| F|  |TAMS 0x0000000711400000, 0x0000000711400000| Untracked 
|  88|0x0000000711600000, 0x0000000711600000, 0x0000000711800000|  0%| F|  |TAMS 0x0000000711600000, 0x0000000711600000| Untracked 
|  89|0x0000000711800000, 0x0000000711800000, 0x0000000711a00000|  0%| F|  |TAMS 0x0000000711800000, 0x0000000711800000| Untracked 
|  90|0x0000000711a00000, 0x0000000711a00000, 0x0000000711c00000|  0%| F|  |TAMS 0x0000000711a00000, 0x0000000711a00000| Untracked 
|  91|0x0000000711c00000, 0x0000000711c00000, 0x0000000711e00000|  0%| F|  |TAMS 0x0000000711c00000, 0x0000000711c00000| Untracked 
|  92|0x0000000711e00000, 0x0000000711e00000, 0x0000000712000000|  0%| F|  |TAMS 0x0000000711e00000, 0x0000000711e00000| Untracked 
|  93|0x0000000712000000, 0x0000000712000000, 0x0000000712200000|  0%| F|  |TAMS 0x0000000712000000, 0x0000000712000000| Untracked 
|  94|0x0000000712200000, 0x0000000712200000, 0x0000000712400000|  0%| F|  |TAMS 0x0000000712200000, 0x0000000712200000| Untracked 
|  95|0x0000000712400000, 0x0000000712400000, 0x0000000712600000|  0%| F|  |TAMS 0x0000000712400000, 0x0000000712400000| Untracked 
|  96|0x0000000712600000, 0x0000000712600000, 0x0000000712800000|  0%| F|  |TAMS 0x0000000712600000, 0x0000000712600000| Untracked 
|  97|0x0000000712800000, 0x0000000712800000, 0x0000000712a00000|  0%| F|  |TAMS 0x0000000712800000, 0x0000000712800000| Untracked 
|  98|0x0000000712a00000, 0x0000000712a00000, 0x0000000712c00000|  0%| F|  |TAMS 0x0000000712a00000, 0x0000000712a00000| Untracked 
|  99|0x0000000712c00000, 0x0000000712c00000, 0x0000000712e00000|  0%| F|  |TAMS 0x0000000712c00000, 0x0000000712c00000| Untracked 
| 100|0x0000000712e00000, 0x0000000712e00000, 0x0000000713000000|  0%| F|  |TAMS 0x0000000712e00000, 0x0000000712e00000| Untracked 
| 101|0x0000000713000000, 0x0000000713000000, 0x0000000713200000|  0%| F|  |TAMS 0x0000000713000000, 0x0000000713000000| Untracked 
| 102|0x0000000713200000, 0x0000000713200000, 0x0000000713400000|  0%| F|  |TAMS 0x0000000713200000, 0x0000000713200000| Untracked 
| 103|0x0000000713400000, 0x0000000713400000, 0x0000000713600000|  0%| F|  |TAMS 0x0000000713400000, 0x0000000713400000| Untracked 
| 104|0x0000000713600000, 0x0000000713600000, 0x0000000713800000|  0%| F|  |TAMS 0x0000000713600000, 0x0000000713600000| Untracked 
| 105|0x0000000713800000, 0x0000000713800000, 0x0000000713a00000|  0%| F|  |TAMS 0x0000000713800000, 0x0000000713800000| Untracked 
| 106|0x0000000713a00000, 0x0000000713a00000, 0x0000000713c00000|  0%| F|  |TAMS 0x0000000713a00000, 0x0000000713a00000| Untracked 
| 107|0x0000000713c00000, 0x0000000713c00000, 0x0000000713e00000|  0%| F|  |TAMS 0x0000000713c00000, 0x0000000713c00000| Untracked 
| 108|0x0000000713e00000, 0x0000000713e00000, 0x0000000714000000|  0%| F|  |TAMS 0x0000000713e00000, 0x0000000713e00000| Untracked 
| 109|0x0000000714000000, 0x0000000714000000, 0x0000000714200000|  0%| F|  |TAMS 0x0000000714000000, 0x0000000714000000| Untracked 
| 110|0x0000000714200000, 0x0000000714200000, 0x0000000714400000|  0%| F|  |TAMS 0x0000000714200000, 0x0000000714200000| Untracked 
| 111|0x0000000714400000, 0x0000000714400000, 0x0000000714600000|  0%| F|  |TAMS 0x0000000714400000, 0x0000000714400000| Untracked 
| 112|0x0000000714600000, 0x0000000714600000, 0x0000000714800000|  0%| F|  |TAMS 0x0000000714600000, 0x0000000714600000| Untracked 
| 113|0x0000000714800000, 0x0000000714800000, 0x0000000714a00000|  0%| F|  |TAMS 0x0000000714800000, 0x0000000714800000| Untracked 
| 114|0x0000000714a00000, 0x0000000714a00000, 0x0000000714c00000|  0%| F|  |TAMS 0x0000000714a00000, 0x0000000714a00000| Untracked 
| 115|0x0000000714c00000, 0x0000000714c00000, 0x0000000714e00000|  0%| F|  |TAMS 0x0000000714c00000, 0x0000000714c00000| Untracked 
| 116|0x0000000714e00000, 0x0000000714e00000, 0x0000000715000000|  0%| F|  |TAMS 0x0000000714e00000, 0x0000000714e00000| Untracked 
| 117|0x0000000715000000, 0x0000000715000000, 0x0000000715200000|  0%| F|  |TAMS 0x0000000715000000, 0x0000000715000000| Untracked 
| 118|0x0000000715200000, 0x0000000715200000, 0x0000000715400000|  0%| F|  |TAMS 0x0000000715200000, 0x0000000715200000| Untracked 
| 119|0x0000000715400000, 0x0000000715400000, 0x0000000715600000|  0%| F|  |TAMS 0x0000000715400000, 0x0000000715400000| Untracked 
| 120|0x0000000715600000, 0x00000007157c3540, 0x0000000715800000| 88%| E|  |TAMS 0x0000000715600000, 0x0000000715600000| Complete 
| 121|0x0000000715800000, 0x0000000715a00000, 0x0000000715a00000|100%| E|CS|TAMS 0x0000000715800000, 0x0000000715800000| Complete 
| 122|0x0000000715a00000, 0x0000000715c00000, 0x0000000715c00000|100%| E|CS|TAMS 0x0000000715a00000, 0x0000000715a00000| Complete 
| 123|0x0000000715c00000, 0x0000000715e00000, 0x0000000715e00000|100%| E|CS|TAMS 0x0000000715c00000, 0x0000000715c00000| Complete 
| 124|0x0000000715e00000, 0x0000000716000000, 0x0000000716000000|100%| E|CS|TAMS 0x0000000715e00000, 0x0000000715e00000| Complete 

Card table byte_map: [0x0000027939a70000,0x000002793a240000] _byte_map_base: 0x000002793623d000

Marking Bits (Prev, Next): (CMBitMap*) 0x00000279227ab5a0, (CMBitMap*) 0x00000279227ab5e0
 Prev Bits: [0x000002793aa10000, 0x000002793e878000)
 Next Bits: [0x000002793e880000, 0x00000279426e8000)

Polling page: 0x0000027920700000

Metaspace:

Usage:
  Non-class:      7.71 MB used.
      Class:   1021.87 KB used.
       Both:      8.71 MB used.

Virtual space:
  Non-class space:        8.00 MB reserved,       7.81 MB ( 98%) committed,  1 nodes.
      Class space:        1.00 GB reserved,       1.12 MB ( <1%) committed,  1 nodes.
             Both:        1.01 GB reserved,       8.94 MB ( <1%) committed. 

Chunk freelists:
   Non-Class:  236.00 KB
       Class:  2.75 MB
        Both:  2.98 MB

MaxMetaspaceSize: unlimited
CompressedClassSpaceSize: 1.00 GB
Initial GC threshold: 21.00 MB
Current GC threshold: 21.00 MB
CDS: on
MetaspaceReclaimPolicy: balanced
 - commit_granule_bytes: 65536.
 - commit_granule_words: 8192.
 - virtual_space_node_default_size: 1048576.
 - enlarge_chunks_in_place: 1.
 - new_chunks_are_fully_committed: 0.
 - uncommit_free_chunks: 1.
 - use_allocation_guard: 0.
 - handle_deallocations: 1.


Internal statistics:

num_allocs_failed_limit: 0.
num_arena_births: 122.
num_arena_deaths: 0.
num_vsnodes_births: 2.
num_vsnodes_deaths: 0.
num_space_committed: 143.
num_space_uncommitted: 0.
num_chunks_returned_to_freelist: 0.
num_chunks_taken_from_freelist: 189.
num_chunk_merges: 0.
num_chunk_splits: 98.
num_chunks_enlarged: 27.
num_purges: 0.
num_inconsistent_stats: 0.

CodeHeap 'non-profiled nmethods': size=120000Kb used=260Kb max_used=260Kb free=119739Kb
 bounds [0x0000027931a40000, 0x0000027931cb0000, 0x0000027938f70000]
CodeHeap 'profiled nmethods': size=120000Kb used=1294Kb max_used=1294Kb free=118705Kb
 bounds [0x000002792a510000, 0x000002792a780000, 0x0000027931a40000]
CodeHeap 'non-nmethods': size=5760Kb used=1278Kb max_used=1293Kb free=4481Kb
 bounds [0x0000027929f70000, 0x000002792a1e0000, 0x000002792a510000]
 total_blobs=1526 nmethods=934 adapters=505
 compilation: enabled
              stopped_count=0, restarted_count=0
 full_count=0

Compilation events (20 events):
Event: 6.792 Thread 0x0000027945161440  926       3       java.awt.font.FontRenderContext::hashCode (71 bytes)
Event: 6.792 Thread 0x0000027945161440 nmethod 926 0x000002792a64ef10 code [0x000002792a64f160, 0x000002792a64fb28]
Event: 6.792 Thread 0x0000027945161440  924       3       sun.font.FontDesignMetrics::getDefaultFrc (53 bytes)
Event: 6.793 Thread 0x0000027945161440 nmethod 924 0x000002792a64fd90 code [0x000002792a650020, 0x000002792a650ac8]
Event: 6.793 Thread 0x0000027945161440  927       3       sun.font.FontDesignMetrics$MetricsKey::equals (49 bytes)
Event: 6.794 Thread 0x0000027945161440 nmethod 927 0x000002792a650e10 code [0x000002792a651000, 0x000002792a651638]
Event: 7.305 Thread 0x0000027945161440  929       3       java.awt.geom.AffineTransform::getDeterminant (99 bytes)
Event: 7.306 Thread 0x0000027945161440 nmethod 929 0x000002792a651810 code [0x000002792a651a00, 0x000002792a651e28]
Event: 7.820 Thread 0x0000027945161440  930       3       java.awt.geom.Rectangle2D$Double::<init> (15 bytes)
Event: 7.820 Thread 0x0000027945161440 nmethod 930 0x000002792a651f10 code [0x000002792a6520c0, 0x000002792a652378]
Event: 7.820 Thread 0x0000027945161440  931       3       java.awt.geom.Rectangle2D$Double::setRect (23 bytes)
Event: 7.820 Thread 0x0000027945161440 nmethod 931 0x000002792a652510 code [0x000002792a6526a0, 0x000002792a6527b8]
Event: 7.820 Thread 0x0000027945161440  932       3       java.lang.Math::max (45 bytes)
Event: 7.821 Thread 0x0000027945161440 nmethod 932 0x000002792a652890 code [0x000002792a652a60, 0x000002792a652db8]
Event: 7.857 Thread 0x0000027945161440  933       3       java.util.concurrent.locks.AbstractQueuedSynchronizer$ConditionObject::canReacquire (28 bytes)
Event: 7.857 Thread 0x0000027945161440 nmethod 933 0x000002792a652e90 code [0x000002792a653040, 0x000002792a653398]
Event: 7.858 Thread 0x0000027945161440  934       3       jdk.internal.misc.Unsafe::putReferenceOpaque (9 bytes)
Event: 7.858 Thread 0x0000027945161440 nmethod 934 0x000002792a653510 code [0x000002792a6536a0, 0x000002792a653818]
Event: 13.989 Thread 0x0000027945161440  935       1       javax.swing.text.AbstractDocument$BranchElement::getElementCount (5 bytes)
Event: 13.989 Thread 0x0000027945161440 nmethod 935 0x0000027931a80e10 code [0x0000027931a80fa0, 0x0000027931a81078]

GC Heap History (0 events):
No events

Deoptimization events (20 events):
Event: 0.271 Thread 0x000002792275d7a0 DEOPT PACKING pc=0x0000027931a65a0c sp=0x000000c4382fe2c0
Event: 0.271 Thread 0x000002792275d7a0 DEOPT UNPACKING pc=0x0000027929fc5c23 sp=0x000000c4382fe260 mode 2
Event: 1.072 Thread 0x000002794514d450 DEOPT PACKING pc=0x000002792a539a67 sp=0x000000c438cfc3d0
Event: 1.072 Thread 0x000002794514d450 DEOPT UNPACKING pc=0x0000027929fc6763 sp=0x000000c438cfb7f0 mode 0
Event: 1.870 Thread 0x0000027945e30bc0 Uncommon trap: trap_request=0xffffffde fr.pc=0x0000027931a55b2c relative=0x00000000000001ac
Event: 1.870 Thread 0x0000027945e30bc0 Uncommon trap: reason=class_check action=maybe_recompile pc=0x0000027931a55b2c method=java.lang.String.equals(Ljava/lang/Object;)Z @ 8 c2
Event: 1.870 Thread 0x0000027945e30bc0 DEOPT PACKING pc=0x0000027931a55b2c sp=0x000000c4399fe270
Event: 1.870 Thread 0x0000027945e30bc0 DEOPT UNPACKING pc=0x0000027929fc5c23 sp=0x000000c4399fe218 mode 2
Event: 1.870 Thread 0x0000027945e30bc0 Uncommon trap: trap_request=0xffffffde fr.pc=0x0000027931a55b2c relative=0x00000000000001ac
Event: 1.870 Thread 0x0000027945e30bc0 Uncommon trap: reason=class_check action=maybe_recompile pc=0x0000027931a55b2c method=java.lang.String.equals(Ljava/lang/Object;)Z @ 8 c2
Event: 1.870 Thread 0x0000027945e30bc0 DEOPT PACKING pc=0x0000027931a55b2c sp=0x000000c4399fe270
Event: 1.870 Thread 0x0000027945e30bc0 DEOPT UNPACKING pc=0x0000027929fc5c23 sp=0x000000c4399fe218 mode 2
Event: 1.962 Thread 0x0000027945e30bc0 Uncommon trap: trap_request=0xffffffde fr.pc=0x0000027931a55b2c relative=0x00000000000001ac
Event: 1.962 Thread 0x0000027945e30bc0 Uncommon trap: reason=class_check action=maybe_recompile pc=0x0000027931a55b2c method=java.lang.String.equals(Ljava/lang/Object;)Z @ 8 c2
Event: 1.962 Thread 0x0000027945e30bc0 DEOPT PACKING pc=0x0000027931a55b2c sp=0x000000c4399fe270
Event: 1.962 Thread 0x0000027945e30bc0 DEOPT UNPACKING pc=0x0000027929fc5c23 sp=0x000000c4399fe218 mode 2
Event: 1.962 Thread 0x0000027945e30bc0 Uncommon trap: trap_request=0xffffffde fr.pc=0x0000027931a55b2c relative=0x00000000000001ac
Event: 1.962 Thread 0x0000027945e30bc0 Uncommon trap: reason=class_check action=maybe_recompile pc=0x0000027931a55b2c method=java.lang.String.equals(Ljava/lang/Object;)Z @ 8 c2
Event: 1.962 Thread 0x0000027945e30bc0 DEOPT PACKING pc=0x0000027931a55b2c sp=0x000000c4399fe270
Event: 1.962 Thread 0x0000027945e30bc0 DEOPT UNPACKING pc=0x0000027929fc5c23 sp=0x000000c4399fe218 mode 2

Classes unloaded (0 events):
No events

Classes redefined (0 events):
No events

Internal exceptions (15 events):
Event: 0.087 Thread 0x0000027945d6a410 Exception <a 'java/lang/NoSuchMethodError'{0x0000000715c75978}: 'java.lang.Object java.lang.invoke.DirectMethodHandle$Holder.invokeStaticInit(java.lang.Object)'> (0x0000000715c75978) 
thrown [t:\workspace\open\src\hotspot\share\interpreter\linkResolver.cpp, line 766]
Event: 0.092 Thread 0x0000027945d6a410 Exception <a 'java/lang/NoSuchMethodError'{0x0000000715c83688}: 'void java.lang.invoke.DirectMethodHandle$Holder.invokeStatic(java.lang.Object, java.lang.Object)'> (0x0000000715c83688) 
thrown [t:\workspace\open\src\hotspot\share\interpreter\linkResolver.cpp, line 766]
Event: 0.093 Thread 0x000002792275d7a0 Exception <a 'java/lang/ClassNotFoundException'{0x0000000715c2c0f8}: sun/awt/resources/spi/awtProvider> (0x0000000715c2c0f8) 
thrown [t:\workspace\open\src\hotspot\share\classfile\systemDictionary.cpp, line 256]
Event: 0.110 Thread 0x000002792275d7a0 Exception <a 'java/io/FileNotFoundException'{0x0000000715cf2580}> (0x0000000715cf2580) 
thrown [t:\workspace\open\src\hotspot\share\prims\jni.cpp, line 516]
Event: 0.115 Thread 0x000002792275d7a0 Exception <a 'java/io/FileNotFoundException'{0x0000000715d1f510}> (0x0000000715d1f510) 
thrown [t:\workspace\open\src\hotspot\share\prims\jni.cpp, line 516]
Event: 0.164 Thread 0x000002792275d7a0 Exception <a 'java/lang/NoSuchMethodError'{0x0000000715da8b50}: 'void java.lang.invoke.DirectMethodHandle$Holder.invokeSpecial(java.lang.Object, java.lang.Object, java.lang.Object)'> (0x0000000715da8b50) 
thrown [t:\workspace\open\src\hotspot\share\interpreter\linkResolver.cpp, line 766]
Event: 0.171 Thread 0x000002792275d7a0 Exception <a 'java/lang/NoSuchMethodError'{0x0000000715a10158}: 'java.lang.Object java.lang.invoke.DirectMethodHandle$Holder.newInvokeSpecial(java.lang.Object, java.lang.Object, java.lang.Object, java.lang.Object, java.lang.Object)'> (0x0000000715a10158) 
thrown [t:\workspace\open\src\hotspot\share\interpreter\linkResolver.cpp, line 766]
Event: 0.172 Thread 0x000002792275d7a0 Exception <a 'java/lang/NoSuchMethodError'{0x0000000715a1bb20}: 'java.lang.Object java.lang.invoke.DirectMethodHandle$Holder.invokeStatic(java.lang.Object, int, java.lang.Object, java.lang.Object, java.lang.Object, java.lang.Object)'> (0x0000000715a1bb20) 
thrown [t:\workspace\open\src\hotspot\share\interpreter\linkResolver.cpp, line 766]
Event: 0.175 Thread 0x000002792275d7a0 Exception <a 'java/lang/NoSuchMethodError'{0x0000000715a412e0}: 'java.lang.Object java.lang.invoke.DirectMethodHandle$Holder.invokeStatic(java.lang.Object, int, java.lang.Object)'> (0x0000000715a412e0) 
thrown [t:\workspace\open\src\hotspot\share\interpreter\linkResolver.cpp, line 766]
Event: 0.190 Thread 0x000002792275d7a0 Exception <a 'java/lang/ClassNotFoundException'{0x0000000715af92c8}: com/sun/swing/internal/plaf/metal/resources/spi/metalProvider> (0x0000000715af92c8) 
thrown [t:\workspace\open\src\hotspot\share\classfile\systemDictionary.cpp, line 256]
Event: 0.191 Thread 0x000002792275d7a0 Exception <a 'java/lang/ClassNotFoundException'{0x0000000715afd170}: com/sun/swing/internal/plaf/basic/resources/spi/basicProvider> (0x0000000715afd170) 
thrown [t:\workspace\open\src\hotspot\share\classfile\systemDictionary.cpp, line 256]
Event: 0.220 Thread 0x0000027945f60b40 Exception <a 'java/lang/NoSuchMethodError'{0x0000000715dd2f10}: 'void java.lang.invoke.DirectMethodHandle$Holder.invokeVirtual(java.lang.Object, java.lang.Object)'> (0x0000000715dd2f10) 
thrown [t:\workspace\open\src\hotspot\share\interpreter\linkResolver.cpp, line 766]
Event: 0.229 Thread 0x000002792275d7a0 Exception <a 'java/lang/NoSuchMethodError'{0x0000000715bceb00}: 'void java.lang.invoke.DirectMethodHandle$Holder.invokeStaticInit(java.lang.Object)'> (0x0000000715bceb00) 
thrown [t:\workspace\open\src\hotspot\share\interpreter\linkResolver.cpp, line 766]
Event: 2.972 Thread 0x0000027945e30bc0 Exception <a 'java/lang/NoSuchMethodError'{0x0000000715621008}: static LMessage;.<clinit>()V> (0x0000000715621008) 
thrown [t:\workspace\open\src\hotspot\share\prims\jni.cpp, line 1107]
Event: 14.057 Thread 0x00000279475f0df0 Exception <a 'sun/net/ConnectionResetException'{0x00000007156ec9c0}: Connection reset> (0x00000007156ec9c0) 
thrown [t:\workspace\open\src\hotspot\share\prims\jni.cpp, line 535]

VM Operations (20 events):
Event: 0.085 Executing VM operation: HandshakeAllThreads
Event: 0.085 Executing VM operation: HandshakeAllThreads done
Event: 0.198 Executing VM operation: HandshakeAllThreads
Event: 0.199 Executing VM operation: HandshakeAllThreads done
Event: 0.246 Executing VM operation: HandshakeAllThreads
Event: 0.246 Executing VM operation: HandshakeAllThreads done
Event: 0.292 Executing VM operation: HandshakeAllThreads
Event: 0.292 Executing VM operation: HandshakeAllThreads done
Event: 1.305 Executing VM operation: Cleanup
Event: 1.305 Executing VM operation: Cleanup done
Event: 2.320 Executing VM operation: Cleanup
Event: 2.321 Executing VM operation: Cleanup done
Event: 2.974 Executing VM operation: HandshakeAllThreads
Event: 2.974 Executing VM operation: HandshakeAllThreads done
Event: 3.976 Executing VM operation: Cleanup
Event: 3.977 Executing VM operation: Cleanup done
Event: 5.992 Executing VM operation: Cleanup
Event: 5.992 Executing VM operation: Cleanup done
Event: 7.007 Executing VM operation: Cleanup
Event: 7.008 Executing VM operation: Cleanup done

Events (20 events):
Event: 3.004 loading class sun/java2d/pipe/ShapeSpanIterator done
Event: 3.004 loading class java/awt/geom/RoundRectIterator
Event: 3.004 loading class java/awt/geom/PathIterator
Event: 3.004 loading class java/awt/geom/PathIterator done
Event: 3.004 loading class java/awt/geom/RoundRectIterator done
Event: 13.988 loading class sun/awt/windows/WInputMethod$1
Event: 13.989 loading class sun/awt/windows/WInputMethod$1 done
Event: 13.989 loading class java/awt/font/TextHitInfo
Event: 13.989 loading class java/awt/font/TextHitInfo done
Event: 14.057 loading class sun/net/ConnectionResetException
Event: 14.057 loading class java/net/SocketException
Event: 14.057 loading class java/net/SocketException done
Event: 14.057 loading class sun/net/ConnectionResetException done
Event: 14.057 loading class java/net/SocketTimeoutException
Event: 14.057 loading class java/io/InterruptedIOException
Event: 14.057 loading class java/io/InterruptedIOException done
Event: 14.057 loading class java/net/SocketTimeoutException done
Event: 14.058 Thread 0x0000027945f8ddf0 Thread added: 0x0000027945f8ddf0
Event: 14.058 Thread 0x0000027945f8cf80 Thread added: 0x0000027945f8cf80
Event: 14.058 Thread 0x0000027945f8cf80 Thread exited: 0x0000027945f8cf80


Dynamic libraries:
0x00007ff7a7d80000 - 0x00007ff7a7d90000 	C:\Program Files\Java\jdk-17.0.1\bin\java.exe
0x00007fffb4310000 - 0x00007fffb4505000 	C:\WINDOWS\SYSTEM32\ntdll.dll
0x00007fffb2ae0000 - 0x00007fffb2b9e000 	C:\WINDOWS\System32\KERNEL32.DLL
0x00007fffb1dc0000 - 0x00007fffb2088000 	C:\WINDOWS\System32\KERNELBASE.dll
0x00007fffb1cc0000 - 0x00007fffb1dc0000 	C:\WINDOWS\System32\ucrtbase.dll
0x00007fffaa180000 - 0x00007fffaa19a000 	C:\Program Files\Java\jdk-17.0.1\bin\VCRUNTIME140.dll
0x00007fffabb20000 - 0x00007fffabb38000 	C:\Program Files\Java\jdk-17.0.1\bin\jli.dll
0x00007fffb34d0000 - 0x00007fffb357c000 	C:\WINDOWS\System32\ADVAPI32.dll
0x00007fffb2560000 - 0x00007fffb25fe000 	C:\WINDOWS\System32\msvcrt.dll
0x00007fffb2600000 - 0x00007fffb269b000 	C:\WINDOWS\System32\sechost.dll
0x00007fffb3ee0000 - 0x00007fffb400a000 	C:\WINDOWS\System32\RPCRT4.dll
0x00007fffb26d0000 - 0x00007fffb2871000 	C:\WINDOWS\System32\USER32.dll
0x00007fffb2140000 - 0x00007fffb2162000 	C:\WINDOWS\System32\win32u.dll
0x00007fffa6010000 - 0x00007fffa62aa000 	C:\WINDOWS\WinSxS\amd64_microsoft.windows.common-controls_6595b64144ccf1df_6.0.19041.1110_none_60b5254171f9507e\COMCTL32.dll
0x00007fffb26a0000 - 0x00007fffb26cb000 	C:\WINDOWS\System32\GDI32.dll
0x00007fffb1ad0000 - 0x00007fffb1bdb000 	C:\WINDOWS\System32\gdi32full.dll
0x00007fffb1a30000 - 0x00007fffb1acd000 	C:\WINDOWS\System32\msvcp_win.dll
0x00007fffabd70000 - 0x00007fffabd7a000 	C:\WINDOWS\SYSTEM32\VERSION.dll
0x00007fffb2d50000 - 0x00007fffb2d80000 	C:\WINDOWS\System32\IMM32.DLL
0x00007fffac290000 - 0x00007fffac29c000 	C:\Program Files\Java\jdk-17.0.1\bin\vcruntime140_1.dll
0x00007fff89650000 - 0x00007fff896dd000 	C:\Program Files\Java\jdk-17.0.1\bin\msvcp140.dll
0x00007fff61830000 - 0x00007fff623ee000 	C:\Program Files\Java\jdk-17.0.1\bin\server\jvm.dll
0x00007fffb3ed0000 - 0x00007fffb3ed8000 	C:\WINDOWS\System32\PSAPI.DLL
0x00007fffaba30000 - 0x00007fffaba39000 	C:\WINDOWS\SYSTEM32\WSOCK32.dll
0x00007fffa77b0000 - 0x00007fffa77d7000 	C:\WINDOWS\SYSTEM32\WINMM.dll
0x00007fffb24f0000 - 0x00007fffb255b000 	C:\WINDOWS\System32\WS2_32.dll
0x00007fffaf910000 - 0x00007fffaf922000 	C:\WINDOWS\SYSTEM32\kernel.appcore.dll
0x00007fffabbb0000 - 0x00007fffabbba000 	C:\Program Files\Java\jdk-17.0.1\bin\jimage.dll
0x00007fffab590000 - 0x00007fffab774000 	C:\WINDOWS\SYSTEM32\DBGHELP.DLL
0x00007fffab4f0000 - 0x00007fffab51c000 	C:\WINDOWS\SYSTEM32\dbgcore.DLL
0x00007fffb2170000 - 0x00007fffb21f3000 	C:\WINDOWS\System32\bcryptPrimitives.dll
0x00007fffa9f30000 - 0x00007fffa9f3e000 	C:\Program Files\Java\jdk-17.0.1\bin\instrument.dll
0x00007fffa9110000 - 0x00007fffa9135000 	C:\Program Files\Java\jdk-17.0.1\bin\java.dll
0x00007fff89140000 - 0x00007fff89216000 	C:\Program Files\Java\jdk-17.0.1\bin\svml.dll
0x00007fffb2d90000 - 0x00007fffb34cf000 	C:\WINDOWS\System32\SHELL32.dll
0x00007fffafb30000 - 0x00007fffb02c0000 	C:\WINDOWS\SYSTEM32\windows.storage.dll
0x00007fffb3b70000 - 0x00007fffb3ec5000 	C:\WINDOWS\System32\combase.dll
0x00007fffb13b0000 - 0x00007fffb13de000 	C:\WINDOWS\SYSTEM32\Wldp.dll
0x00007fffb4010000 - 0x00007fffb40bd000 	C:\WINDOWS\System32\SHCORE.dll
0x00007fffb3b10000 - 0x00007fffb3b65000 	C:\WINDOWS\System32\shlwapi.dll
0x00007fffb1970000 - 0x00007fffb198f000 	C:\WINDOWS\SYSTEM32\profapi.dll
0x00007fff9bad0000 - 0x00007fff9bae8000 	C:\Program Files\Java\jdk-17.0.1\bin\zip.dll
0x00007fffa9db0000 - 0x00007fffa9dc9000 	C:\Program Files\Java\jdk-17.0.1\bin\net.dll
0x00007fffaed40000 - 0x00007fffaee4c000 	C:\WINDOWS\SYSTEM32\WINHTTP.dll
0x00007fffb1110000 - 0x00007fffb117a000 	C:\WINDOWS\system32\mswsock.dll
0x00007fffa90f0000 - 0x00007fffa9105000 	C:\Program Files\Java\jdk-17.0.1\bin\nio.dll
0x00007fff9b6d0000 - 0x00007fff9b6ea000 	C:\Program Files\IntelliJ IDEA Community Edition 2021.2.3\bin\breakgen64.dll
0x00007fff6aca0000 - 0x00007fff6ae2f000 	C:\Program Files\Java\jdk-17.0.1\bin\awt.dll
0x00007fffb2c80000 - 0x00007fffb2d4d000 	C:\WINDOWS\System32\OLEAUT32.dll
0x00007fffaeca0000 - 0x00007fffaed30000 	C:\WINDOWS\SYSTEM32\apphelp.dll
0x00007fffaf620000 - 0x00007fffaf64f000 	C:\WINDOWS\system32\DWMAPI.DLL
0x00007fffaf3f0000 - 0x00007fffaf48e000 	C:\WINDOWS\system32\uxtheme.dll
0x00007fff86e10000 - 0x00007fff86f35000 	C:\WINDOWS\system32\opengl32.dll
0x00007fff9ff30000 - 0x00007fff9ff5c000 	C:\WINDOWS\SYSTEM32\GLU32.dll
0x00007fffb2890000 - 0x00007fffb29a5000 	C:\WINDOWS\System32\MSCTF.dll
0x00007fffb29b0000 - 0x00007fffb2ada000 	C:\WINDOWS\System32\ole32.dll
0x00007fff771e0000 - 0x00007fff77269000 	C:\Program Files\Java\jdk-17.0.1\bin\freetype.dll
0x00007fff77130000 - 0x00007fff771d8000 	C:\Program Files\Java\jdk-17.0.1\bin\fontmanager.dll
0x00007fffb3a00000 - 0x00007fffb3aa9000 	C:\WINDOWS\System32\clbcatq.dll
0x00007fff95b50000 - 0x00007fff95d04000 	C:\WINDOWS\SYSTEM32\WindowsCodecs.dll
0x00007fffb1be0000 - 0x00007fffb1c07000 	C:\WINDOWS\System32\bcrypt.dll
0x00007fffa62e0000 - 0x00007fffa631e000 	C:\WINDOWS\system32\dataexchange.dll
0x00007fffad580000 - 0x00007fffad7e4000 	C:\WINDOWS\system32\d3d11.dll
0x00007fffadf10000 - 0x00007fffae0f5000 	C:\WINDOWS\system32\dcomp.dll
0x00007fffb0320000 - 0x00007fffb0414000 	C:\WINDOWS\system32\dxgi.dll
0x00007fffaea40000 - 0x00007fffaec41000 	C:\WINDOWS\system32\twinapi.appcore.dll
0x00007fff968d0000 - 0x00007fff969c9000 	C:\WINDOWS\SYSTEM32\textinputframework.dll
0x00007fffae4c0000 - 0x00007fffae81e000 	C:\WINDOWS\System32\CoreUIComponents.dll
0x00007fffae920000 - 0x00007fffaea12000 	C:\WINDOWS\System32\CoreMessaging.dll
0x00007fffb0720000 - 0x00007fffb0753000 	C:\WINDOWS\SYSTEM32\ntmarta.dll
0x00007fffaddb0000 - 0x00007fffadf04000 	C:\WINDOWS\SYSTEM32\wintypes.dll
0x00007fff80dc0000 - 0x00007fff80e26000 	C:\WINDOWS\system32\Oleacc.dll

dbghelp: loaded successfully - version: 4.0.5 - missing functions: none
symbol engine: initialized successfully - sym options: 0x614 - pdb path: .;C:\Program Files\Java\jdk-17.0.1\bin;C:\WINDOWS\SYSTEM32;C:\WINDOWS\WinSxS\amd64_microsoft.windows.common-controls_6595b64144ccf1df_6.0.19041.1110_none_60b5254171f9507e;C:\Program Files\Java\jdk-17.0.1\bin\server;C:\Program Files\IntelliJ IDEA Community Edition 2021.2.3\bin

VM Arguments:
jvm_args: -javaagent:C:\Program Files\IntelliJ IDEA Community Edition 2021.2.3\lib\idea_rt.jar=51290:C:\Program Files\IntelliJ IDEA Community Edition 2021.2.3\bin -Dfile.encoding=UTF-8 
java_command: Client
java_class_path (initial): C:\Users\Josh\Documents\JoshServerChat\out\production\clientservertest
Launcher Type: SUN_STANDARD

[Global flags]
     intx CICompilerCount                          = 4                                         {product} {ergonomic}
     uint ConcGCThreads                            = 2                                         {product} {ergonomic}
     uint G1ConcRefinementThreads                  = 8                                         {product} {ergonomic}
   size_t G1HeapRegionSize                         = 2097152                                   {product} {ergonomic}
    uintx GCDrainStackTargetSize                   = 64                                        {product} {ergonomic}
   size_t InitialHeapSize                          = 262144000                                 {product} {ergonomic}
   size_t MarkStackSize                            = 4194304                                   {product} {ergonomic}
   size_t MaxHeapSize                              = 4188012544                                {product} {ergonomic}
   size_t MaxNewSize                               = 2512388096                                {product} {ergonomic}
   size_t MinHeapDeltaBytes                        = 2097152                                   {product} {ergonomic}
   size_t MinHeapSize                              = 8388608                                   {product} {ergonomic}
    uintx NonNMethodCodeHeapSize                   = 5839372                                {pd product} {ergonomic}
    uintx NonProfiledCodeHeapSize                  = 122909434                              {pd product} {ergonomic}
    uintx ProfiledCodeHeapSize                     = 122909434                              {pd product} {ergonomic}
    uintx ReservedCodeCacheSize                    = 251658240                              {pd product} {ergonomic}
     bool SegmentedCodeCache                       = true                                      {product} {ergonomic}
   size_t SoftMaxHeapSize                          = 4188012544                             {manageable} {ergonomic}
     bool UseCompressedClassPointers               = true                           {product lp64_product} {ergonomic}
     bool UseCompressedOops                        = true                           {product lp64_product} {ergonomic}
     bool UseG1GC                                  = true                                      {product} {ergonomic}
     bool UseLargePagesIndividualAllocation        = false                                  {pd product} {ergonomic}

Logging:
Log output configuration:
 #0: stdout all=warning uptime,level,tags
 #1: stderr all=off uptime,level,tags

Environment Variables:
JAVA_HOME=C:\Program Files\Java\jdk-13.0.2
PATH=C:\Program Files\Common Files\Oracle\Java\javapath;C:\Program Files\Eclipse Foundation\jdk-11.0.12.7-hotspot\bin;C:\Program Files\AdoptOpenJDK\jdk-15.0.2.7-hotspot\bin;C:\WINDOWS\system32;C:\WINDOWS;C:\WINDOWS\System32\Wbem;C:\WINDOWS\System32\WindowsPowerShell\v1.0\;C:\WINDOWS\System32\OpenSSH\;C:\Program Files\Git\cmd;C:\Program Files (x86)\Java\jre1.8.0_301\bin;C:\Users\Josh\AppData\Local\Microsoft\WindowsApps;C:\Users\Josh\AppData\Local\Programs\Microsoft VS Code\bin;C:\ProgramData\Josh\GitHubDesktop\bin
USERNAME=Josh
OS=Windows_NT
PROCESSOR_IDENTIFIER=Intel64 Family 6 Model 126 Stepping 5, GenuineIntel



---------------  S Y S T E M  ---------------

OS:
 Windows 10 , 64 bit Build 19041 (10.0.19041.1348)
OS uptime: 14 days 2:37 hours

CPU: total 8 (initial active 8) (4 cores per cpu, 2 threads per core) family 6 model 126 stepping 5 microcode 0xa6, cx8, cmov, fxsr, ht, mmx, 3dnowpref, sse, sse2, sse3, ssse3, sse4.1, sse4.2, popcnt, lzcnt, tsc, tscinvbit, avx, avx2, aes, erms, clmul, bmi1, bmi2, adx, avx512f, avx512dq, avx512cd, avx512bw, avx512vl, sha, fma, vzeroupper, avx512_vpopcntdq, avx512_vpclmulqdq, avx512_vaes, avx512_vnni, clflush, clflushopt, avx512_vbmi2, avx512_vbmi

Memory: 4k page, system-wide physical 15970M (6841M free)
TotalPageFile size 18530M (AvailPageFile size 4789M)
current process WorkingSet (physical memory assigned to process): 72M, peak: 72M
current process commit charge ("private bytes"): 352M, peak: 353M

vm_info: Java HotSpot(TM) 64-Bit Server VM (17.0.1+12-LTS-39) for windows-amd64 JRE (17.0.1+12-LTS-39), built on Sep 27 2021 18:41:35 by "mach5one" with MS VC++ 16.8 (VS2019)

END.
